
Time: 2009-06-17T12:00:00.000000000

Format        Scale Value
------------------------------------------
jd            tai   2455000.0003935187
jd            tcb   2455000.000949847
jd            tcg   2455000.000774281
jd            tdb   2455000.000766024
jd            tt    2455000.0007660184
jd            ut1   2455000.000002774
jd            utc   2455000.0
mjd           tai   54999.500393518516
mjd           tcb   54999.500949846835
mjd           tcg   54999.50077428096
mjd           tdb   54999.5007660242
mjd           tt    54999.50076601852
mjd           ut1   54999.50000277382
mjd           utc   54999.5
decimalyear   tai   2009.458905187722
decimalyear   tcb   2009.458906711909
decimalyear   tcg   2009.4589062309067
decimalyear   tdb   2009.4589062082855
decimalyear   tt    2009.4589062082698
decimalyear   ut1   2009.4589041171885
decimalyear   utc   2009.458904109589
unix          tai   1245240000.0
unix          tcb   1245240000.0
unix          tcg   1245240000.0
unix          tdb   1245240000.0
unix          tt    1245240000.0
unix          ut1   1245240000.0
unix          utc   1245240000.0
unix_tai      tai   1245240034.0
unix_tai      tcb   1245240034.0
unix_tai      tcg   1245240034.0
unix_tai      tdb   1245240034.0
unix_tai      tt    1245240034.0
unix_tai      ut1   1245240034.0
unix_tai      utc   1245240034.0
cxcsec        tai   361627266.184
cxcsec        tcb   361627266.184
cxcsec        tcg   361627266.184
cxcsec        tdb   361627266.184
cxcsec        tt    361627266.184
cxcsec        ut1   361627266.184
cxcsec        utc   361627266.184
gps           tai   929275215.0
gps           tcb   929275215.0
gps           tcg   929275215.0
gps           tdb   929275215.0
gps           tt    929275215.0
gps           ut1   929275215.0
gps           utc   929275215.0
plot_date     tai   14412.5
plot_date     tcb   14412.5
plot_date     tcg   14412.5
plot_date     tdb   14412.5
plot_date     tt    14412.5
plot_date     ut1   14412.5
plot_date     utc   14412.5
stardate      tai   -283776.68032706785
stardate      tcb   -283776.68032706785
stardate      tcg   -283776.68032706785
stardate      tdb   -283776.68032706785
stardate      tt    -283776.68032706785
stardate      ut1   -283776.68032706785
stardate      utc   -283776.68032706785
datetime      tai   2009-06-17 12:00:34
datetime      tcb   2009-06-17 12:01:22.066767
datetime      tcg   2009-06-17 12:01:06.897875
datetime      tdb   2009-06-17 12:01:06.184491
datetime      tt    2009-06-17 12:01:06.184000
datetime      ut1   2009-06-17 12:00:00.239658
datetime      utc   2009-06-17 12:00:00
ymdhms        tai   (2009, 6, 17, 12, 0, 34.)
ymdhms        tcb   (2009, 6, 17, 12, 1, 22.06676669)
ymdhms        tcg   (2009, 6, 17, 12, 1, 6.89787501)
ymdhms        tdb   (2009, 6, 17, 12, 1, 6.18449075)
ymdhms        tt    (2009, 6, 17, 12, 1, 6.184)
ymdhms        ut1   (2009, 6, 17, 12, 0, 0.2396583)
ymdhms        utc   (2009, 6, 17, 12, 0, 0.)
iso           tai   2009-06-17 12:00:34.000000000
iso           tcb   2009-06-17 12:01:22.066766689
iso           tcg   2009-06-17 12:01:06.897875006
iso           tdb   2009-06-17 12:01:06.184490752
iso           tt    2009-06-17 12:01:06.184000000
iso           ut1   2009-06-17 12:00:00.239658300
iso           utc   2009-06-17 12:00:00.000000000
isot          tai   2009-06-17T12:00:34.000000000
isot          tcb   2009-06-17T12:01:22.066766689
isot          tcg   2009-06-17T12:01:06.897875006
isot          tdb   2009-06-17T12:01:06.184490752
isot          tt    2009-06-17T12:01:06.184000000
isot          ut1   2009-06-17T12:00:00.239658300
isot          utc   2009-06-17T12:00:00.000000000
yday          tai   2009:168:12:00:34.000000000
yday          tcb   2009:168:12:01:22.066766689
yday          tcg   2009:168:12:01:06.897875006
yday          tdb   2009:168:12:01:06.184490752
yday          tt    2009:168:12:01:06.184000000
yday          ut1   2009:168:12:00:00.239658300
yday          utc   2009:168:12:00:00.000000000
datetime64    tai   2009-06-17T12:00:34.000000000
datetime64    tcb   2009-06-17T12:01:22.066766689
datetime64    tcg   2009-06-17T12:01:06.897875006
datetime64    tdb   2009-06-17T12:01:06.184490752
datetime64    tt    2009-06-17T12:01:06.184000000
datetime64    ut1   2009-06-17T12:00:00.239658300
datetime64    utc   2009-06-17T12:00:00.000000000
fits          tai   2009-06-17T12:00:34.000000000
fits          tcb   2009-06-17T12:01:22.066766689
fits          tcg   2009-06-17T12:01:06.897875006
fits          tdb   2009-06-17T12:01:06.184490752
fits          tt    2009-06-17T12:01:06.184000000
fits          ut1   2009-06-17T12:00:00.239658300
fits          utc   2009-06-17T12:00:00.000000000
byear         tai   2009.4607551015495
byear         tcb   2009.460756624726
byear         tcg   2009.4607561440425
byear         tdb   2009.4607561214364
byear         tt    2009.4607561214207
byear         ut1   2009.460754031726
byear         utc   2009.4607540241316
jyear         tai   2009.4592755469364
jyear         tcb   2009.4592770700804
jyear         tcg   2009.4592765894072
jyear         tdb   2009.4592765668015
jyear         tt    2009.4592765667858
jyear         ut1   2009.4592744771358
jyear         utc   2009.4592744695415
byear_str     tai   B2009.460755102
byear_str     tcb   B2009.460756625
byear_str     tcg   B2009.460756144
byear_str     tdb   B2009.460756121
byear_str     tt    B2009.460756121
byear_str     ut1   B2009.460754032
byear_str     utc   B2009.460754024
jyear_str     tai   J2009.459275547
jyear_str     tcb   J2009.459277070
jyear_str     tcg   J2009.459276589
jyear_str     tdb   J2009.459276567
jyear_str     tt    J2009.459276567
jyear_str     ut1   J2009.459274477
jyear_str     utc   J2009.459274470
jd1           tai   2455000.0
jd1           tcb   2455000.0
jd1           tcg   2455000.0
jd1           tdb   2455000.0
jd1           tt    2455000.0
jd1           ut1   2455000.0
jd1           utc   2455000.0
jd2           tai   0.000393518518518543
jd2           tcb   0.000949846836673048
jd2           tcg   0.0007742809607169196
jd2           tdb   0.0007660241985240794
jd2           tt    0.000766018518518543
jd2           ut1   2.7738229166911926e-06
jd2           utc   2.4525838987748266e-17
