------------------------------------------------------------
# 1 time value; 100 vectors
time      lib
0.00005   cxform
0.00001   geopack_08_dp
0.00582   spacepy
0.00121   spacepy-irbem
0.03248   spiceypy1
0.00731   spiceypy2
0.01427   sunpy
------------------------------------------------------------
------------------------------------------------------------
# 100 identical time values; 100 different vectors
time      lib
0.00004   cxform
0.00006   geopack_08_dp
0.00579   spacepy
0.00147   spacepy-irbem
0.00702   spiceypy1
0.00696   spiceypy2
1.34799   sunpy
------------------------------------------------------------
------------------------------------------------------------
# 100 different time values; 100 different vectors
time      lib
0.00006   cxform
0.00005   geopack_08_dp
0.50607   spacepy
0.00134   spacepy-irbem
0.00714   spiceypy1
0.00706   spiceypy2
1.19650   sunpy
------------------------------------------------------------
