------------------------------------------------------------
# 1 time value; 10000 vectors
time      lib
0.00179   cxform
0.00007   geopack_08_dp
0.08279   spacepy
0.09793   spacepy-irbem
0.68583   spiceypy1
0.67069   spiceypy2
0.01794   sunpy
------------------------------------------------------------
------------------------------------------------------------
# 10000 identical time values; 10000 different vectors
time      lib
0.00191   cxform
0.00371   geopack_08_dp
0.08340   spacepy
0.09760   spacepy-irbem
0.66535   spiceypy1
0.66977   spiceypy2
skipped   sunpy
------------------------------------------------------------
------------------------------------------------------------
# 10000 different time values; 10000 different vectors
time      lib
0.00212   cxform
0.00378   geopack_08_dp
skipped   spacepy
0.09757   spacepy-irbem
0.67314   spiceypy1
0.66470   spiceypy2
skipped   sunpy
------------------------------------------------------------
