[1.0, 0.0, 0.0]
[[0.8796846217983081, 0.0, -0.47555753192602007]]
[1.0, 0.0, 0.0]
[[0.8796846217983081, 0.0, -0.47555753192602007], [0.8796846217983081, 0.0, -0.47555753192602007]]
[1.0, 0.0, 0.0]
[[0.8796846217983081, 0.0, -0.47555753192602007]]
[1.0, 0.0, 0.0]
[[0.8796846217983081, 0.0, -0.47555753192602007]]
[1.0, 0.0, 0.0]
[[nan, nan, nan]]
[1.0, 0.0, 0.0]
[[nan, nan, nan], [nan, nan, nan]]
[1.0, 0.0, 0.0]
[[nan, nan, nan]]
[1.0, 0.0, 0.0]
[[nan, nan, nan]]
[1.0, 0.0, 0.0]
[[0.8796846217983081, 0.0, -0.47555753192602007]]
[1.0, 0.0, 0.0]
[[0.8796846217983081, 0.0, -0.47555753192602007], [0.8796846217983081, 0.0, -0.47555753192602007]]
[1.0, 0.0, 0.0]
[[0.8796846217983081, 0.0, -0.47555753192602007]]
[[0.8796846217983081, 0.0, -0.47555753192602007]]
[[0.8796846217983081, 0.0, -0.47555753192602007], [0.8796846217983081, 0.0, -0.47555753192602007]]
[[0.8796846217983081, 0.0, -0.47555753192602007], [0.8796846217983081, 0.0, -0.47555753192602007]]
[[0.8796846217983081, 0.0, -0.47555753192602007], [0.8796846217983081, 0.0, -0.47555753192602007]]
[[0.8796846217983081, 0.0, -0.47555753192602007]]
[[0.8796846217983081, 0.0, -0.47555753192602007], [0.8796846217983081, 0.0, -0.47555753192602007]]
[[0.8796846217983081, 0.0, -0.47555753192602007], [0.8796846217983081, 0.0, -0.47555753192602007]]
[[0.8796846217983081, 0.0, -0.47555753192602007], [0.8796846217983081, 0.0, -0.47555753192602007]]
[[0.8796846217983081, 0.0, -0.47555753192602007]]
[[0.8796846217983081, 0.0, -0.47555753192602007], [0.8796846217983081, 0.0, -0.47555753192602007]]
[[0.8796846217983081, 0.0, -0.47555753192602007], [0.8796846217983081, 0.0, -0.47555753192602007]]
[[0.8796846217983081, 0.0, -0.47555753192602007], [0.8796846217983081, 0.0, -0.47555753192602007]]
[[ 0.87968462  0.         -0.47555753]]
[[ 0.87968462  0.         -0.47555753]
 [ 0.87968462  0.         -0.47555753]]
[[ 0.87968462  0.         -0.47555753]
 [ 0.87968462  0.         -0.47555753]]
[[ 0.87968462  0.         -0.47555753]
 [ 0.87968462  0.         -0.47555753]]
[[ 0.87968462  0.         -0.47555753]]
[[ 0.87968462  0.         -0.47555753]
 [ 0.87968462  0.         -0.47555753]]
[[ 0.87968462  0.         -0.47555753]
 [ 0.87968462  0.         -0.47555753]]
[[ 0.87968462  0.         -0.47555753]
 [ 0.87968462  0.         -0.47555753]]
[[ 0.87968462  0.         -0.47555753]]
[[ 0.87968462  0.         -0.47555753]
 [ 0.87968462  0.         -0.47555753]]
[[ 0.87968462  0.         -0.47555753]
 [ 0.87968462  0.         -0.47555753]]
[[ 0.87968462  0.         -0.47555753]
 [ 0.87968462  0.         -0.47555753]]
[[ 0.87968462  0.         -0.47555753]]
[[ 0.87968462  0.         -0.47555753]
 [ 0.87968462  0.         -0.47555753]]
[[ 0.87968462  0.         -0.47555753]
 [ 0.87968462  0.         -0.47555753]]
[[ 0.87968462  0.         -0.47555753]
 [ 0.87968462  0.         -0.47555753]]
[[ 0.87968462  0.         -0.47555753]]
[[ 0.87968462  0.         -0.47555753]
 [ 0.87968462  0.         -0.47555753]]
[[0.8796846217983081, 0.0, -0.47555753192602007], [0.8796846217983081, 0.0, -0.47555753192602007]]
[[0.8796846217983081, 0.0, -0.47555753192602007], [0.8796846217983081, 0.0, -0.47555753192602007]]
[[ 0.87968462  0.         -0.47555753]]
[[ 0.87968462  0.         -0.47555753]
 [ 0.87968462  0.         -0.47555753]]
[[0.8796846217983081, 0.0, -0.47555753192602007], [0.8796846217983081, 0.0, -0.47555753192602007]]
[[0.8796846217983081, 0.0, -0.47555753192602007], [0.8796846217983081, 0.0, -0.47555753192602007]]
[[ 0.87968462  0.         -0.47555753]]
[[ 0.87968462  0.         -0.47555753]
 [ 0.87968462  0.         -0.47555753]]
[[0.8796846217983081, 0.0, -0.47555753192602007], [0.8796846217983081, 0.0, -0.47555753192602007]]
[[0.8796846217983081, 0.0, -0.47555753192602007], [0.8796846217983081, 0.0, -0.47555753192602007]]
[[ 0.87968462  0.         -0.47555753]]
[[ 0.87968462  0.         -0.47555753]
 [ 0.87968462  0.         -0.47555753]]
[[0.8796846217983081, 0.0, -0.47555753192602007], [0.8796846217983081, 0.0, -0.47555753192602007]]
[[0.8796846217983081, 0.0, -0.47555753192602007], [0.8796846217983081, 0.0, -0.47555753192602007]]
[[ 0.87968462  0.         -0.47555753]]
[[ 0.87968462  0.         -0.47555753]
 [ 0.87968462  0.         -0.47555753]]
[[ 0.87968462  0.         -0.47555753]]
[[ 0.87968462  0.         -0.47555753]
 [ 0.87968462  0.         -0.47555753]]
[[ 0.87968462  0.         -0.47555753]]
[[ 0.87968462  0.         -0.47555753]
 [ 0.87968462  0.         -0.47555753]]
[[ 0.87968462  0.         -0.47555753]]
[[ 0.87968462  0.         -0.47555753]
 [ 0.87968462  0.         -0.47555753]]
[array([ 0.87968462,  0.        , -0.47555753]), array([ 0.87968462,  0.        , -0.47555753])]
[array([ 0.87968462,  0.        , -0.47555753]), array([ 0.87968462,  0.        , -0.47555753])]
[[0.8796846217983081, 0.0, -0.47555753192602007]]
[[0.8796846217983081, 0.0, -0.47555753192602007], [0.8796846217983081, 0.0, -0.47555753192602007]]
[[0.8796846217983081, 0.0, -0.47555753192602007], [0.8796846217983081, 0.0, -0.47555753192602007]]
[[0.8796846217983081, 0.0, -0.47555753192602007], [0.8796846217983081, 0.0, -0.47555753192602007]]
[[0.8796846217983081, 0.0, -0.47555753192602007]]
[[0.8796846217983081, 0.0, -0.47555753192602007], [0.8796846217983081, 0.0, -0.47555753192602007]]
[[0.8796846217983081, 0.0, -0.47555753192602007], [0.8796846217983081, 0.0, -0.47555753192602007]]
[[0.8796846217983081, 0.0, -0.47555753192602007], [0.8796846217983081, 0.0, -0.47555753192602007]]
[[0.8796846217983081, 0.0, -0.47555753192602007]]
[[0.8796846217983081, 0.0, -0.47555753192602007], [0.8796846217983081, 0.0, -0.47555753192602007]]
[[0.8796846217983081, 0.0, -0.47555753192602007], [0.8796846217983081, 0.0, -0.47555753192602007]]
[[0.8796846217983081, 0.0, -0.47555753192602007], [0.8796846217983081, 0.0, -0.47555753192602007]]
[[0.8796846217983081, 0.0, -0.47555753192602007]]
[[0.8796846217983081, 0.0, -0.47555753192602007], [0.8796846217983081, 0.0, -0.47555753192602007]]
[[0.8796846217983081, 0.0, -0.47555753192602007], [0.8796846217983081, 0.0, -0.47555753192602007]]
[[0.8796846217983081, 0.0, -0.47555753192602007], [0.8796846217983081, 0.0, -0.47555753192602007]]
