cxform
  coord systems: ['J2000', 'GEI', 'GEO', 'GSE', 'GSM', 'SM', 'MAG', 'RTN', 'GSEQ', 'HEE', 'HAE', 'HEEQ']
geopack_08_dp
  coord systems: ['GEI', 'GEO', 'GSE', 'GSM', 'SM', 'MAG']
spacepy
  coord systems: ['ECI2000', 'ECIMOD', 'ECITOD', 'GEI', 'GSE', 'GSM', 'GEO', 'SM', 'MAG']
spacepy-irbem
  coord systems: ['ECI2000', 'ECIMOD', 'ECITOD', 'GEI', 'GSE', 'GSM', 'GEO', 'SM', 'MAG']
spiceypy1
  coord systems: ['GEI', 'GEI_TOD', 'GEI_MOD', 'MEAN_ECLIP', 'GEO', 'GSE', 'GSM', 'MAG', 'SM']
spiceypy2
  coord systems: ['GEI', 'GEI_TOD', 'GEI_MOD', 'MEAN_ECLIP', 'GEO', 'GSE', 'GSM', 'MAG', 'SM']
sunpy
  coord systems: ['GEI', 'GEO', 'GSE', 'GSM', 'SM', 'MAG']
sscweb
  coord systems: ['GEI', 'GEO', 'GM', 'GSE', 'GSM', 'J2000', 'SM']
Library information:
[
  {
    "name": "cxform",
    "version": null,
    "version_info": null,
    "systems": [
      "J2000",
      "GEI",
      "GEO",
      "GSE",
      "GSM",
      "SM",
      "MAG",
      "RTN",
      "GSEQ",
      "HEE",
      "HAE",
      "HEEQ"
    ]
  },
  {
    "name": "geopack_08_dp",
    "version": null,
    "version_info": null,
    "systems": [
      "GEI",
      "GEO",
      "GSE",
      "GSM",
      "SM",
      "MAG"
    ]
  },
  {
    "name": "spacepy",
    "version": "0.4.1",
    "version_info": null,
    "systems": [
      "ECI2000",
      "ECIMOD",
      "ECITOD",
      "GEI",
      "GSE",
      "GSM",
      "GEO",
      "SM",
      "MAG"
    ]
  },
  {
    "name": "spacepy-irbem",
    "version": "0.4.1",
    "version_info": null,
    "systems": [
      "ECI2000",
      "ECIMOD",
      "ECITOD",
      "GEI",
      "GSE",
      "GSM",
      "GEO",
      "SM",
      "MAG"
    ]
  },
  {
    "name": "spiceypy1",
    "version": "5.1.2",
    "version_info": null,
    "systems": [
      "GEI",
      "GEI_TOD",
      "GEI_MOD",
      "MEAN_ECLIP",
      "GEO",
      "GSE",
      "GSM",
      "MAG",
      "SM"
    ],
    "kernels": [
      "naif0012.tls",
      "rbsp_general011.tf",
      "de440s.bsp",
      "pck00011.tpc"
    ]
  },
  {
    "name": "spiceypy2",
    "version": "5.1.2",
    "version_info": null,
    "systems": [
      "GEI",
      "GEI_TOD",
      "GEI_MOD",
      "MEAN_ECLIP",
      "GEO",
      "GSE",
      "GSM",
      "MAG",
      "SM"
    ],
    "kernels": [
      "naif0012.tls",
      "rbsp_general012.tf",
      "de440s.bsp",
      "pck00011.tpc"
    ]
  },
  {
    "name": "sunpy",
    "version": "5.1.1",
    "version_info": null,
    "systems": [
      "GEI",
      "GEO",
      "GSE",
      "GSM",
      "SM",
      "MAG"
    ],
    "system_aliases": {
      "GEI": "geocentricearthequatorial",
      "GSE": "geocentricsolarecliptic",
      "GSM": "geocentricsolarmagnetospheric",
      "GEO": "itrs",
      "SM": "solarmagnetic",
      "MAG": "geomagnetic"
    }
  },
  {
    "name": "sscweb",
    "version": null,
    "version_info": null,
    "notes": "https://sscweb.gsfc.nasa.gov/users_guide/Appendix_C.shtml",
    "systems": [
      "GEI",
      "GEO",
      "GM",
      "GSE",
      "GSM",
      "J2000",
      "SM"
    ]
  }
]
