Available frames:
 altaz
 barycentricmeanecliptic
 barycentrictrueecliptic
 cirs
 custombarycentricecliptic
 fk4
 fk4noeterms
 fk5
 galactic
 galacticlsr
 galactocentric
 gcrs
 geocentricearthequatorial
 geocentricmeanecliptic
 geocentricsolarecliptic
 geocentricsolarmagnetospheric
 geocentrictrueecliptic
 geomagnetic
 hadec
 hcrs
 heliocentric
 heliocentricearthecliptic
 heliocentriceclipticiau76
 heliocentricinertial
 heliocentricmeanecliptic
 heliocentrictrueecliptic
 heliographic_carrington
 heliographic_stonyhurst
 helioprojective
 icrs
 itrs
 lsr
 lsrd
 lsrk
 precessedgeocentric
 solarmagnetic
 supergalactic
 teme
 tete
Using sunpy directly
[[-1.16323323  1.01192471  0.78923814]
 [-1.16323323  1.01192471  0.78923814]]
Using hxform wrapper
[[-1.16323323  1.01192471  0.78923814]
 [-1.16323323  1.01192471  0.78923814]]
