0
[1997, 1, 1, 0, 0, 0]
[1. 0. 0.]
[1. 0. 0.]
0
[[1997    1    1    0    0    0]]
[[1. 0. 0.]]
[[1. 0. 0.]
 [1. 0. 0.]]
0
[1997, 1, 1, 0, 0, 0]
[1. 0. 0.]
[1. 0. 0.]
0
[[1997    1    1    0    0    0]]
[[1. 0. 0.]]
[[1. 0. 0.]
 [1. 0. 0.]]
0
[1997, 1, 1, 0, 0, 0]
[1. 0. 0.]
[1. 0. 0.]
0
[[1997    1    1    0    0    0]]
[[1. 0. 0.]]
[[1. 0. 0.]
 [1. 0. 0.]]
0
[1997, 1, 1, 0, 0, 0]
[1. 0. 0.]
[1. 0. 0.]
0
[[1997    1    1    0    0    0]]
[[1. 0. 0.]]
[[1. 0. 0.]
 [1. 0. 0.]]
0
[1997, 1, 1, 0, 0, 0]
[1. 0. 0.]
[1. 0. 0.]
0
[[1997    1    1    0    0    0]]
[[1. 0. 0.]]
[[1. 0. 0.]
 [1. 0. 0.]]
0
[1997, 1, 1, 0, 0, 0]
[1. 0. 0.]
[ 0.9001131   0.         -0.43565629]
0
[[1997    1    1    0    0    0]]
[[1. 0. 0.]]
[[ 0.9001131   0.         -0.43565629]
 [ 0.9001131   0.         -0.43565629]]
0
[1997, 1, 1, 0, 0, 0]
[1. 0. 0.]
[1. 0. 0.]
0
[[1997    1    1    0    0    0]]
[[1. 0. 0.]]
[[1. 0. 0.]
 [1. 0. 0.]]
0
[1997, 1, 1, 0, 0, 0]
[1. 0. 0.]
[1. 0. 0.]
0
[[1997    1    1    0    0    0]]
[[1. 0. 0.]]
[[1. 0. 0.]
 [1. 0. 0.]]
[1997, 1, 1, 0, 0, 0]
[1. 0. 0.]
[1. 0. 0.]
[[1997    1    1    0    0    0]]
[[1. 0. 0.]]
[[1. 0. 0.]
 [1. 0. 0.]]
[1997, 1, 1, 0, 0, 0]
[1. 0. 0.]
[1. 0. 0.]
[[1997    1    1    0    0    0]]
[[1. 0. 0.]]
[[1. 0. 0.]
 [1. 0. 0.]]
[1997, 1, 1, 0, 0, 0]
[1. 0. 0.]
[1. 0. 0.]
[[1997    1    1    0    0    0]]
[[1. 0. 0.]]
[[1. 0. 0.]
 [1. 0. 0.]]
[1997, 1, 1, 0, 0, 0]
[1. 0. 0.]
[1. 0. 0.]
[[1997    1    1    0    0    0]]
[[1. 0. 0.]]
[[1. 0. 0.]
 [1. 0. 0.]]
