[1.0, 0.0, 0.0]
[[0.8796846217983081, 0.0, -0.47555753192602007]]
[1.0, 0.0, 0.0]
[[ 0.87968462  0.         -0.47555753]]
[[1.0, 0.0, 0.0], [1.0, 0.0, 0.0]]
[[0.8796846217983081, 0.0, -0.47555753192602007], [0.8796846217983081, 0.0, -0.47555753192602007]]
[[1.0, 1.0, 1.0], [0.0, 0.0, 0.0], [0.0, 0.0, 0.0]]
[[ 0.87968462  0.         -0.47555753]
 [ 0.87968462  0.         -0.47555753]
 [ 0.87968462  0.         -0.47555753]]
[1.0, 0.0, 0.0]
[[0.8796846217983081, 0.0, -0.47555753192602007]]
[1.0, 0.0, 0.0]
[[ 0.87968462  0.         -0.47555753]]
[[1.0, 0.0, 0.0], [1.0, 0.0, 0.0]]
[[0.8796846217983081, 0.0, -0.47555753192602007], [0.8796846217983081, 0.0, -0.47555753192602007]]
[[1.0, 1.0, 1.0], [0.0, 0.0, 0.0], [0.0, 0.0, 0.0]]
[[ 0.87968462  0.         -0.47555753]
 [ 0.87968462  0.         -0.47555753]
 [ 0.87968462  0.         -0.47555753]]
[1.0, 0.0, 0.0]
[[0.9001111718114903, 0.0, -0.4356602786347934]]
[1.0, 0.0, 0.0]
[[ 0.87968462  0.         -0.47555753]]
[[1.0, 0.0, 0.0], [1.0, 0.0, 0.0]]
[[0.9001111718114903, 0.0, -0.4356602786347934], [0.9001111718114903, 0.0, -0.4356602786347934]]
[[1.0, 1.0, 1.0], [0.0, 0.0, 0.0], [0.0, 0.0, 0.0]]
[[ 0.87968462  0.         -0.47555753]
 [ 0.87968462  0.         -0.47555753]
 [ 0.87968462  0.         -0.47555753]]
[1.0, 0.0, 0.0]
[[0.9001111718114903, 0.0, -0.4356602786347934]]
[1.0, 0.0, 0.0]
[[ 0.87968462  0.         -0.47555753]]
[[1.0, 0.0, 0.0], [1.0, 0.0, 0.0]]
[[0.9001111718114903, 0.0, -0.4356602786347934], [0.9001111718114903, 0.0, -0.4356602786347934]]
[[1.0, 1.0, 1.0], [0.0, 0.0, 0.0], [0.0, 0.0, 0.0]]
[[ 0.87968462  0.         -0.47555753]
 [ 0.87968462  0.         -0.47555753]
 [ 0.87968462  0.         -0.47555753]]
[1.0, 0.0, 0.0]
[[0.9001111718114903, 0.0, -0.4356602786347934]]
[1.0, 0.0, 0.0]
[[ 0.87968462  0.         -0.47555753]]
[[1.0, 0.0, 0.0], [1.0, 0.0, 0.0]]
[[0.9001111718114903, 0.0, -0.4356602786347934], [0.9001111718114903, 0.0, -0.4356602786347934]]
[[1.0, 1.0, 1.0], [0.0, 0.0, 0.0], [0.0, 0.0, 0.0]]
[[ 0.87968462  0.         -0.47555753]
 [ 0.87968462  0.         -0.47555753]
 [ 0.87968462  0.         -0.47555753]]
[1.0, 0.0, 0.0]
[[0.9001111718114903, 0.0, -0.4356602786347934]]
[1.0, 0.0, 0.0]
[[ 0.87968462  0.         -0.47555753]]
[[1.0, 0.0, 0.0], [1.0, 0.0, 0.0]]
[[0.9001111718114903, 0.0, -0.4356602786347934], [0.9001111718114903, 0.0, -0.4356602786347934]]
[[1.0, 1.0, 1.0], [0.0, 0.0, 0.0], [0.0, 0.0, 0.0]]
[[ 0.87968462  0.         -0.47555753]
 [ 0.87968462  0.         -0.47555753]
 [ 0.87968462  0.         -0.47555753]]
[1.0, 0.0, 0.0]
[[0.9001111718114903, 0.0, -0.4356602786347934]]
[1.0, 0.0, 0.0]
[[ 0.87968462  0.         -0.47555753]]
[[1.0, 0.0, 0.0], [1.0, 0.0, 0.0]]
[[0.9001111718114903, 0.0, -0.4356602786347934], [0.9001111718114903, 0.0, -0.4356602786347934]]
[[1.0, 1.0, 1.0], [0.0, 0.0, 0.0], [0.0, 0.0, 0.0]]
[[ 0.87968462  0.         -0.47555753]
 [ 0.87968462  0.         -0.47555753]
 [ 0.87968462  0.         -0.47555753]]
[1.0, 0.0, 0.0]
[[0.9001111718114903, 0.0, -0.4356602786347934]]
[1.0, 0.0, 0.0]
[[ 0.87968462  0.         -0.47555753]]
[[1.0, 0.0, 0.0], [1.0, 0.0, 0.0]]
[[0.9001111718114903, 0.0, -0.4356602786347934], [0.9001111718114903, 0.0, -0.4356602786347934]]
[[1.0, 1.0, 1.0], [0.0, 0.0, 0.0], [0.0, 0.0, 0.0]]
[[ 0.87968462  0.         -0.47555753]
 [ 0.87968462  0.         -0.47555753]
 [ 0.87968462  0.         -0.47555753]]
[1.0, 0.0, 0.0]
[[0.9001111718114903, 0.0, -0.4356602786347934]]
[1.0, 0.0, 0.0]
[[ 0.87968462  0.         -0.47555753]]
[[1.0, 0.0, 0.0], [1.0, 0.0, 0.0]]
[[0.9001111718114903, 0.0, -0.4356602786347934], [0.9001111718114903, 0.0, -0.4356602786347934]]
[[1.0, 1.0, 1.0], [0.0, 0.0, 0.0], [0.0, 0.0, 0.0]]
[[ 0.87968462  0.         -0.47555753]
 [ 0.87968462  0.         -0.47555753]
 [ 0.87968462  0.         -0.47555753]]
[1.0, 0.0, 0.0]
[[0.9001111718114903, 0.0, -0.4356602786347934]]
[1.0, 0.0, 0.0]
[[ 0.87968462  0.         -0.47555753]]
[[1.0, 0.0, 0.0], [1.0, 0.0, 0.0]]
[[0.9001111718114903, 0.0, -0.4356602786347934], [0.9001111718114903, 0.0, -0.4356602786347934]]
[[1.0, 0.0, 0.0], [1.0, 0.0, 0.0], [1.0, 0.0, 0.0]]
[[1.35524215 1.         0.40412709]
 [0.         0.         0.        ]
 [0.         0.         0.        ]]
[1.0, 0.0, 0.0]
[[0.9001111718114903, 0.0, -0.4356602786347934]]
[1.0, 0.0, 0.0]
[[ 0.87968462  0.         -0.47555753]]
[[1.0, 0.0, 0.0], [1.0, 0.0, 0.0]]
[[0.9001111718114903, 0.0, -0.4356602786347934], [0.9001111718114903, 0.0, -0.4356602786347934]]
[[1.0, 0.0, 0.0], [1.0, 0.0, 0.0], [1.0, 0.0, 0.0]]
[[1.35524215 1.         0.40412709]
 [0.         0.         0.        ]
 [0.         0.         0.        ]]
[1.0, 0.0, 0.0]
[[0.9001111718114903, 0.0, -0.4356602786347934]]
[1.0, 0.0, 0.0]
[[1.00000000e+00 1.04083409e-17 6.10646533e-11]]
[[1.0, 0.0, 0.0], [1.0, 0.0, 0.0]]
[[0.9001111718114903, 0.0, -0.4356602786347934], [0.9001111718114903, 0.0, -0.4356602786347934]]
[[1.0, 0.0, 0.0], [1.0, 0.0, 0.0], [1.0, 0.0, 0.0]]
[[1.         1.22114981 0.71329738]
 [0.         0.         0.        ]
 [0.         0.         0.        ]]
[1.0, 0.0, 0.0]
[[0.9001111718114903, 0.0, -0.4356602786347934]]
[1.0, 0.0, 0.0]
[[1.00000000e+00 1.04083409e-17 6.10646533e-11]]
[[1.0, 0.0, 0.0], [1.0, 0.0, 0.0]]
[[0.9001111718114903, 0.0, -0.4356602786347934], [0.9001111718114903, 0.0, -0.4356602786347934]]
[[1.0, 0.0, 0.0], [1.0, 0.0, 0.0], [1.0, 0.0, 0.0]]
[[1.         1.22114981 0.71329738]
 [0.         0.         0.        ]
 [0.         0.         0.        ]]
[1.0, 0.0, 0.0]
[[0.9001111718114903, 0.0, -0.4356602786347934]]
[1.0, 0.0, 0.0]
[[1.00000000e+00 1.04083409e-17 6.10646533e-11]]
[1.0, 0.0, 0.0]
[[1.00000000e+00 1.04083409e-17 6.10646533e-11]]
