2000-001 0.000 sec
Newcomb long of Sun (1st order only)  279.972779 deg
Newcomb long of Sun (full equation)   279.973082 deg

USNO         GMST = 06:39:52.2717   | 99.967799 deg |  0.000714 deg diff from R71 value
Russell 1971 GMST = 06:39:52.100356 | 99.967085 deg |  0.000000 deg diff from R71 value
Hapgood 1992 GMST = 06:39:52.362316 | 99.968176 deg |  0.001092 deg diff from R71 value
F & H 2002   GMST = 06:39:52.270724 | 99.967795 deg |  0.000710 deg diff from R71 value
Meeus 1998   GMST = 06:39:52.270724 | 99.967795 deg |  0.000710 deg diff from R71 value

F & H 2002 - Meeus 1998 0.0000000000000000e+00
2000-001 43200.000 sec
Newcomb long of Sun (1st order only)  280.465603 deg
Newcomb long of Sun (full equation)   280.465905 deg

USNO         GMST = 18:41:50.5494   | 280.460622 deg |  0.000714 deg diff from R71 value
Russell 1971 GMST = 18:41:50.378036 | 280.459908 deg |  0.000000 deg diff from R71 value
Hapgood 1992 GMST = 18:41:50.643916 | 280.461016 deg |  0.001108 deg diff from R71 value
F & H 2002   GMST = 18:41:50.548408 | 280.460618 deg |  0.000710 deg diff from R71 value
Meeus 1998   GMST = 18:41:50.548408 | 280.460618 deg |  0.000710 deg diff from R71 value

F & H 2002 - Meeus 1998 0.0000000000000000e+00
2020-001 0.000 sec
Newcomb long of Sun (1st order only)  280.126564 deg
Newcomb long of Sun (full equation)   280.127000 deg

USNO         GMST = 06:40:29.2343   | 100.121810 deg |  0.000940 deg diff from R71 value
Russell 1971 GMST = 06:40:29.008779 | 100.120870 deg |  0.000000 deg diff from R71 value
Hapgood 1992 GMST = 06:40:29.322316 | 100.122176 deg |  0.001306 deg diff from R71 value
F & H 2002   GMST = 06:40:29.237023 | 100.121821 deg |  0.000951 deg diff from R71 value
Meeus 1998   GMST = 06:40:29.237028 | 100.121821 deg |  0.000951 deg diff from R71 value

F & H 2002 - Meeus 1998 -1.7695128917694092e-08
