  x, y, z: -0.920356, -0.013775, -0.390839
  Lat, Lon: -23.006733, -179.142544
  x, y, z: -0.920356, -0.013775, -0.390839
  Lat, Lon: -23.006733, -179.142544
  x, y, z: -0.920225, -0.013298, -0.391164
  Lat, Lon: -23.026929, -179.172112
  x, y, z: 0.154750, 0.907359, -0.390835
  Lat, Lon: -23.006470, 80.321356
  x, y, z: -0.920229, -0.013297, -0.391155
  Lat, Lon: -23.026375, -179.172124
  x, y, z: -0.920227, -0.013309, -0.391160
  Lat, Lon: -23.026682, -179.171407
  x, y, z: -0.920229, -0.013632, -0.391143
  Lat, Lon: -23.025650, -179.151311
  x, y, z: -0.920227, -0.013309, -0.391160
  Lat, Lon: -23.026682, -179.171407
  x, y, z: -0.920213, -0.014319, -0.391156
  Lat, Lon: -23.026424, -179.108522
  x, y, z: -0.920213, -0.014319, -0.391156
  Lat, Lon: -23.026424, -179.108522
  x, y, z: -0.920223, -0.013256, -0.391169
  Lat, Lon: -23.027265, -179.174727
  x, y, z: -0.892602, 0.224829, -0.390784
  Lat, Lon: -23.003321, 165.862376
  x, y, z: -0.892602, 0.224829, -0.390784
  Lat, Lon: -23.003321, 165.862376
  x, y, z: -0.892352, 0.225256, -0.391110
  Lat, Lon: -23.023596, 165.832821
  x, y, z: 0.588158, 0.708068, -0.390780
  Lat, Lon: -23.003055, 50.285206
  x, y, z: -0.892356, 0.225257, -0.391101
  Lat, Lon: -23.023039, 165.832809
  x, y, z: -0.892357, 0.225245, -0.391106
  Lat, Lon: -23.023347, 165.833526
  x, y, z: -0.892443, 0.224934, -0.391089
  Lat, Lon: -23.022307, 165.853622
  x, y, z: -0.892357, 0.225245, -0.391106
  Lat, Lon: -23.023347, 165.833526
  x, y, z: -0.892605, 0.224267, -0.391102
  Lat, Lon: -23.023091, 165.896391
  x, y, z: -0.892605, 0.224267, -0.391102
  Lat, Lon: -23.023091, 165.896391
  x, y, z: -0.892340, 0.225296, -0.391115
  Lat, Lon: -23.023919, 165.830190
  x, y, z: -0.804057, 0.448133, -0.390729
  Lat, Lon: -22.999895, 150.867294
  x, y, z: -0.804057, 0.448133, -0.390729
  Lat, Lon: -22.999895, 150.867294
  x, y, z: -0.803704, 0.448480, -0.391056
  Lat, Lon: -23.020250, 150.837753
  x, y, z: 0.863617, 0.318589, -0.390725
  Lat, Lon: -22.999626, 20.249055
  x, y, z: -0.803707, 0.448482, -0.391047
  Lat, Lon: -23.019690, 150.837740
  x, y, z: -0.803711, 0.448471, -0.391052
  Lat, Lon: -23.019998, 150.838456
  x, y, z: -0.803875, 0.448193, -0.391036
  Lat, Lon: -23.018951, 150.858553
  x, y, z: -0.803711, 0.448471, -0.391052
  Lat, Lon: -23.019998, 150.838456
  x, y, z: -0.804204, 0.447590, -0.391048
  Lat, Lon: -23.019744, 150.901301
  x, y, z: -0.804204, 0.447590, -0.391048
  Lat, Lon: -23.019744, 150.901301
  x, y, z: -0.803682, 0.448516, -0.391061
  Lat, Lon: -23.020563, 150.835106
  x, y, z: -0.660745, 0.640928, -0.390674
  Lat, Lon: -22.996456, 135.872210
  x, y, z: -0.660745, 0.640928, -0.390674
  Lat, Lon: -22.996456, 135.872210
  x, y, z: -0.660315, 0.641172, -0.391002
  Lat, Lon: -23.016891, 135.842682
  x, y, z: 0.907134, -0.156479, -0.390670
  Lat, Lon: -22.996184, -9.787099
  x, y, z: -0.660318, 0.641175, -0.390993
  Lat, Lon: -23.016328, 135.842668
  x, y, z: -0.660324, 0.641165, -0.390998
  Lat, Lon: -23.016636, 135.843385
  x, y, z: -0.660554, 0.640938, -0.390981
  Lat, Lon: -23.015582, 135.863482
  x, y, z: -0.660324, 0.641165, -0.390998
  Lat, Lon: -23.016636, 135.843385
  x, y, z: -0.661028, 0.640442, -0.390994
  Lat, Lon: -23.016385, 135.906210
  x, y, z: -0.661028, 0.640442, -0.390994
  Lat, Lon: -23.016385, 135.906210
  x, y, z: -0.660284, 0.641201, -0.391007
  Lat, Lon: -23.017197, 135.840021
  x, y, z: -0.472426, 0.790083, -0.390619
  Lat, Lon: -22.993004, 120.877123
  x, y, z: -0.472426, 0.790083, -0.390619
  Lat, Lon: -22.993004, 120.877123
  x, y, z: -0.471947, 0.790206, -0.390948
  Lat, Lon: -23.013518, 120.847609
  x, y, z: 0.707008, -0.589543, -0.390614
  Lat, Lon: -22.992729, -39.823255
  x, y, z: -0.471949, 0.790209, -0.390939
  Lat, Lon: -23.012953, 120.847594
  x, y, z: -0.471958, 0.790201, -0.390944
  Lat, Lon: -23.013260, 120.848311
  x, y, z: -0.472239, 0.790042, -0.390927
  Lat, Lon: -23.012199, 120.868408
  x, y, z: -0.471958, 0.790201, -0.390944
  Lat, Lon: -23.013260, 120.848311
  x, y, z: -0.472825, 0.789685, -0.390940
  Lat, Lon: -23.013011, 120.911116
  x, y, z: -0.472825, 0.789685, -0.390940
  Lat, Lon: -23.013011, 120.911116
  x, y, z: -0.471910, 0.790226, -0.390953
  Lat, Lon: -23.013821, 120.844934
  x, y, z: -0.251923, 0.885435, -0.390563
  Lat, Lon: -22.989538, 105.882034
  x, y, z: -0.251923, 0.885435, -0.390563
  Lat, Lon: -22.989538, 105.882034
  x, y, z: -0.251428, 0.885430, -0.390894
  Lat, Lon: -23.010132, 105.852534
  x, y, z: 0.316978, -0.864285, -0.390559
  Lat, Lon: -22.989261, -69.859414
  x, y, z: -0.251429, 0.885433, -0.390885
  Lat, Lon: -23.009564, 105.852518
  x, y, z: -0.251440, 0.885428, -0.390890
  Lat, Lon: -23.009872, 105.853235
  x, y, z: -0.251752, 0.885347, -0.390873
  Lat, Lon: -23.008804, 105.873332
  x, y, z: -0.251440, 0.885428, -0.390890
  Lat, Lon: -23.009872, 105.853235
  x, y, z: -0.252410, 0.885154, -0.390886
  Lat, Lon: -23.009625, 105.916020
  x, y, z: -0.252410, 0.885154, -0.390886
  Lat, Lon: -23.009625, 105.916020
  x, y, z: -0.251386, 0.885439, -0.390899
  Lat, Lon: -23.010436, 105.849845
  x, y, z: -0.014250, 0.920490, -0.390507
  Lat, Lon: -22.986059, 90.886943
  x, y, z: -0.014250, 0.920490, -0.390507
  Lat, Lon: -22.986059, 90.886943
  x, y, z: -0.013775, 0.920356, -0.390839
  Lat, Lon: -23.006733, 90.857456
  x, y, z: -0.158208, -0.906906, -0.390503
  Lat, Lon: -22.985779, -99.895575
  x, y, z: -0.013774, 0.920360, -0.390830
  Lat, Lon: -23.006162, 90.857440
  x, y, z: -0.013786, 0.920357, -0.390835
  Lat, Lon: -23.006470, 90.858157
  x, y, z: -0.014109, 0.920360, -0.390818
  Lat, Lon: -23.005394, 90.878254
  x, y, z: -0.013786, 0.920357, -0.390835
  Lat, Lon: -23.006470, 90.858157
  x, y, z: -0.014794, 0.920343, -0.390831
  Lat, Lon: -23.006225, 90.920921
  x, y, z: -0.014794, 0.920343, -0.390831
  Lat, Lon: -23.006225, 90.920921
  x, y, z: -0.013731, 0.920354, -0.390844
  Lat, Lon: -23.007042, 90.854754
  x, y, z: 0.224405, 0.892855, -0.390451
  Lat, Lon: -22.982567, 75.891849
  x, y, z: 0.224405, 0.892855, -0.390451
  Lat, Lon: -22.982567, 75.891849
  x, y, z: 0.224829, 0.892602, -0.390784
  Lat, Lon: -23.003321, 75.862376
  x, y, z: -0.590926, -0.705945, -0.390446
  Lat, Lon: -22.982285, -129.931738
  x, y, z: 0.224831, 0.892606, -0.390775
  Lat, Lon: -23.002746, 75.862359
  x, y, z: 0.224819, 0.892607, -0.390780
  Lat, Lon: -23.003055, 75.863076
  x, y, z: 0.224508, 0.892693, -0.390763
  Lat, Lon: -23.001972, 75.883174
  x, y, z: 0.224819, 0.892607, -0.390780
  Lat, Lon: -23.003055, 75.863076
  x, y, z: 0.223842, 0.892854, -0.390776
  Lat, Lon: -23.002813, 75.925821
  x, y, z: 0.223842, 0.892854, -0.390776
  Lat, Lon: -23.002813, 75.925821
  x, y, z: 0.224871, 0.892590, -0.390790
  Lat, Lon: -23.003639, 75.859659
  x, y, z: 0.447789, 0.804411, -0.390395
  Lat, Lon: -22.979062, 60.896753
  x, y, z: 0.447789, 0.804411, -0.390395
  Lat, Lon: -22.979062, 60.896753
  x, y, z: 0.448133, 0.804057, -0.390729
  Lat, Lon: -22.999895, 60.867294
  x, y, z: -0.864951, -0.315365, -0.390390
  Lat, Lon: -22.978776, -159.967903
  x, y, z: 0.448136, 0.804060, -0.390720
  Lat, Lon: -22.999318, 60.867276
  x, y, z: 0.448125, 0.804064, -0.390725
  Lat, Lon: -22.999626, 60.867993
  x, y, z: 0.447846, 0.804227, -0.390708
  Lat, Lon: -22.998536, 60.888091
  x, y, z: 0.448125, 0.804064, -0.390725
  Lat, Lon: -22.999626, 60.867993
  x, y, z: 0.447245, 0.804555, -0.390721
  Lat, Lon: -22.999386, 60.930718
  x, y, z: 0.447245, 0.804555, -0.390721
  Lat, Lon: -22.999386, 60.930718
  x, y, z: 0.448171, 0.804033, -0.390735
  Lat, Lon: -23.000225, 60.864562
  x, y, z: 0.640688, 0.661177, -0.390338
  Lat, Lon: -22.975543, 45.901655
  x, y, z: 0.640688, 0.661177, -0.390338
  Lat, Lon: -22.975543, 45.901655
  x, y, z: 0.640928, 0.660745, -0.390674
  Lat, Lon: -22.996456, 45.872210
  x, y, z: -0.906675, 0.159938, -0.390334
  Lat, Lon: -22.975255, 169.995929
  x, y, z: 0.640931, 0.660748, -0.390665
  Lat, Lon: -22.995876, 45.872191
  x, y, z: 0.640922, 0.660754, -0.390670
  Lat, Lon: -22.996184, 45.872908
  x, y, z: 0.640695, 0.660985, -0.390652
  Lat, Lon: -22.995088, 45.893007
  x, y, z: 0.640922, 0.660754, -0.390670
  Lat, Lon: -22.996184, 45.872908
  x, y, z: 0.640199, 0.661457, -0.390666
  Lat, Lon: -22.995947, 45.935613
  x, y, z: 0.640199, 0.661457, -0.390666
  Lat, Lon: -22.995947, 45.935613
  x, y, z: 0.640959, 0.660713, -0.390680
  Lat, Lon: -22.996800, 45.869460
  x, y, z: 0.789963, 0.472906, -0.390281
  Lat, Lon: -22.972011, 30.906554
  x, y, z: 0.789963, 0.472906, -0.390281
  Lat, Lon: -22.972011, 30.906554
  x, y, z: 0.790083, 0.472426, -0.390619
  Lat, Lon: -22.993004, 30.877123
  x, y, z: -0.704879, 0.592308, -0.390277
  Lat, Lon: -22.971720, 139.959759
  x, y, z: 0.790086, 0.472428, -0.390609
  Lat, Lon: -22.992421, 30.877103
  x, y, z: 0.790078, 0.472437, -0.390614
  Lat, Lon: -22.992729, 30.877820
  x, y, z: 0.789919, 0.472718, -0.390597
  Lat, Lon: -22.991625, 30.897919
  x, y, z: 0.790078, 0.472437, -0.390614
  Lat, Lon: -22.992729, 30.877820
  x, y, z: 0.789562, 0.473302, -0.390611
  Lat, Lon: -22.992494, 30.940505
  x, y, z: 0.789562, 0.473302, -0.390611
  Lat, Lon: -22.992494, 30.940505
  x, y, z: 0.790103, 0.472387, -0.390625
  Lat, Lon: -22.993363, 30.874354
  x, y, z: 0.885444, 0.252417, -0.390224
  Lat, Lon: -22.968466, 15.911451
  x, y, z: 0.885444, 0.252417, -0.390224
  Lat, Lon: -22.968466, 15.911451
  x, y, z: 0.885435, 0.251923, -0.390563
  Lat, Lon: -22.989538, 15.882034
  x, y, z: -0.313751, 0.865615, -0.390220
  Lat, Lon: -22.968173, 109.923586
  x, y, z: 0.885439, 0.251923, -0.390554
  Lat, Lon: -22.988952, 15.882014
  x, y, z: 0.885434, 0.251934, -0.390559
  Lat, Lon: -22.989261, 15.882730
  x, y, z: 0.885353, 0.252247, -0.390541
  Lat, Lon: -22.988150, 15.902830
  x, y, z: 0.885434, 0.251934, -0.390559
  Lat, Lon: -22.989261, 15.882731
  x, y, z: 0.885159, 0.252903, -0.390555
  Lat, Lon: -22.989028, 15.945396
  x, y, z: 0.885159, 0.252903, -0.390555
  Lat, Lon: -22.989028, 15.945396
  x, y, z: 0.885445, 0.251879, -0.390569
  Lat, Lon: -22.989913, 15.879245
  x, y, z: 0.920626, 0.014725, -0.390167
  Lat, Lon: -22.964908, 0.916346
  x, y, z: 0.920626, 0.014725, -0.390167
  Lat, Lon: -22.964908, 0.916346
  x, y, z: 0.920490, 0.014250, -0.390507
  Lat, Lon: -22.986059, 0.886943
  x, y, z: 0.161667, 0.906442, -0.390163
  Lat, Lon: -22.964611, 79.887411
  x, y, z: 0.920494, 0.014250, -0.390498
  Lat, Lon: -22.985471, 0.886921
  x, y, z: 0.920491, 0.014262, -0.390503
  Lat, Lon: -22.985779, 0.887638
  x, y, z: 0.920494, 0.014585, -0.390485
  Lat, Lon: -22.984661, 0.907738
  x, y, z: 0.920491, 0.014262, -0.390503
  Lat, Lon: -22.985779, 0.887638
  x, y, z: 0.920477, 0.015268, -0.390499
  Lat, Lon: -22.985549, 0.950284
  x, y, z: 0.920477, 0.015268, -0.390499
  Lat, Lon: -22.985549, 0.950284
  x, y, z: 0.920488, 0.014205, -0.390513
  Lat, Lon: -22.986450, 0.884131
  x, y, z: 0.893111, -0.223982, -0.390110
  Lat, Lon: -22.961336, -14.078762
  x, y, z: 0.893111, -0.223982, -0.390110
  Lat, Lon: -22.961336, -14.078762
  x, y, z: 0.892855, -0.224405, -0.390451
  Lat, Lon: -22.982567, -14.108151
  x, y, z: 0.593689, 0.703812, -0.390105
  Lat, Lon: -22.961037, 49.851234
  x, y, z: 0.892859, -0.224406, -0.390442
  Lat, Lon: -22.981976, -14.108173
  x, y, z: 0.892860, -0.224394, -0.390446
  Lat, Lon: -22.982285, -14.107456
  x, y, z: 0.892946, -0.224083, -0.390428
  Lat, Lon: -22.981160, -14.087356
  x, y, z: 0.892860, -0.224394, -0.390446
  Lat, Lon: -22.982285, -14.107456
  x, y, z: 0.893106, -0.223419, -0.390443
  Lat, Lon: -22.982056, -14.044830
  x, y, z: 0.893106, -0.223419, -0.390443
  Lat, Lon: -22.982056, -14.044830
  x, y, z: 0.892841, -0.224448, -0.390458
  Lat, Lon: -22.982971, -14.110986
  x, y, z: 0.804767, -0.447447, -0.390052
  Lat, Lon: -22.957751, -29.073872
  x, y, z: 0.804767, -0.447447, -0.390052
  Lat, Lon: -22.957751, -29.073872
  x, y, z: 0.804411, -0.447789, -0.390395
  Lat, Lon: -22.979062, -29.103247
  x, y, z: 0.866276, 0.312136, -0.390047
  Lat, Lon: -22.957449, 19.815054
  x, y, z: 0.804414, -0.447791, -0.390385
  Lat, Lon: -22.978468, -29.103270
  x, y, z: 0.804418, -0.447780, -0.390390
  Lat, Lon: -22.978776, -29.102553
  x, y, z: 0.804582, -0.447502, -0.390372
  Lat, Lon: -22.977644, -29.082453
  x, y, z: 0.804418, -0.447780, -0.390390
  Lat, Lon: -22.978776, -29.102553
  x, y, z: 0.804908, -0.446902, -0.390386
  Lat, Lon: -22.978551, -29.039947
  x, y, z: 0.804908, -0.446902, -0.390386
  Lat, Lon: -22.978551, -29.039947
  x, y, z: 0.804386, -0.447828, -0.390401
  Lat, Lon: -22.979476, -29.106107
  x, y, z: 0.661610, -0.640450, -0.389994
  Lat, Lon: -22.954153, -44.068985
  x, y, z: 0.661610, -0.640450, -0.389994
  Lat, Lon: -22.954153, -44.068985
  x, y, z: 0.661177, -0.640688, -0.390338
  Lat, Lon: -22.975543, -44.098345
  x, y, z: 0.906206, -0.163397, -0.389990
  Lat, Lon: -22.953849, -10.221128
  x, y, z: 0.661180, -0.640691, -0.390329
  Lat, Lon: -22.974946, -44.098369
  x, y, z: 0.661186, -0.640681, -0.390334
  Lat, Lon: -22.975255, -44.097652
  x, y, z: 0.661416, -0.640455, -0.390315
  Lat, Lon: -22.974116, -44.077552
  x, y, z: 0.661186, -0.640681, -0.390334
  Lat, Lon: -22.975255, -44.097652
  x, y, z: 0.661887, -0.639960, -0.390330
  Lat, Lon: -22.975032, -44.035066
  x, y, z: 0.661887, -0.639960, -0.390330
  Lat, Lon: -22.975032, -44.035066
  x, y, z: 0.661143, -0.640719, -0.390345
  Lat, Lon: -22.975965, -44.101231
  x, y, z: 0.473385, -0.789846, -0.389936
  Lat, Lon: -22.950541, -59.064100
  x, y, z: 0.473385, -0.789846, -0.389936
  Lat, Lon: -22.950541, -59.064100
  x, y, z: 0.472906, -0.789963, -0.390281
  Lat, Lon: -22.972011, -59.093446
  x, y, z: 0.702742, -0.595069, -0.389931
  Lat, Lon: -22.950235, -40.257312
  x, y, z: 0.472907, -0.789966, -0.390272
  Lat, Lon: -22.971411, -59.093471
  x, y, z: 0.472916, -0.789958, -0.390277
  Lat, Lon: -22.971720, -59.092754
  x, y, z: 0.473197, -0.789799, -0.390258
  Lat, Lon: -22.970574, -59.072653
  x, y, z: 0.472916, -0.789958, -0.390277
  Lat, Lon: -22.971720, -59.092754
  x, y, z: 0.473779, -0.789443, -0.390273
  Lat, Lon: -22.971499, -59.030187
  x, y, z: 0.473779, -0.789443, -0.390273
  Lat, Lon: -22.971499, -59.030187
  x, y, z: 0.472864, -0.789984, -0.390288
  Lat, Lon: -22.972436, -59.096359
  x, y, z: 0.252910, -0.885456, -0.389878
  Lat, Lon: -22.946917, -74.059218
  x, y, z: 0.252910, -0.885456, -0.389878
  Lat, Lon: -22.946917, -74.059218
  x, y, z: 0.252417, -0.885444, -0.390224
  Lat, Lon: -22.968466, -74.088549
  x, y, z: 0.310519, -0.866935, -0.389873
  Lat, Lon: -22.946607, -70.293499
  x, y, z: 0.252417, -0.885448, -0.390215
  Lat, Lon: -22.967863, -74.088574
  x, y, z: 0.252428, -0.885443, -0.390220
  Lat, Lon: -22.968173, -74.087858
  x, y, z: 0.252741, -0.885362, -0.390201
  Lat, Lon: -22.967019, -74.067757
  x, y, z: 0.252428, -0.885443, -0.390220
  Lat, Lon: -22.968173, -74.087858
  x, y, z: 0.253395, -0.885168, -0.390216
  Lat, Lon: -22.967954, -74.025311
  x, y, z: 0.253395, -0.885168, -0.390216
  Lat, Lon: -22.967954, -74.025311
  x, y, z: 0.252370, -0.885454, -0.390231
  Lat, Lon: -22.968891, -74.091488
  x, y, z: 0.015199, -0.920766, -0.389820
  Lat, Lon: -22.943279, -89.054337
  x, y, z: 0.015199, -0.920766, -0.389820
  Lat, Lon: -22.943279, -89.054337
  x, y, z: 0.014725, -0.920626, -0.390167
  Lat, Lon: -22.964908, -89.083654
  x, y, z: -0.165127, -0.905968, -0.389815
  Lat, Lon: -22.942967, -100.329689
  x, y, z: 0.014725, -0.920630, -0.390158
  Lat, Lon: -22.964302, -89.083681
  x, y, z: 0.014736, -0.920628, -0.390163
  Lat, Lon: -22.964611, -89.082964
  x, y, z: 0.015059, -0.920631, -0.390144
  Lat, Lon: -22.963451, -89.062863
  x, y, z: 0.014736, -0.920628, -0.390163
  Lat, Lon: -22.964611, -89.082964
  x, y, z: 0.015741, -0.920613, -0.390159
  Lat, Lon: -22.964395, -89.020437
  x, y, z: 0.015741, -0.920613, -0.390159
  Lat, Lon: -22.964395, -89.020437
  x, y, z: 0.014677, -0.920624, -0.390174
  Lat, Lon: -22.965328, -89.086620
  x, y, z: -0.223561, -0.893368, -0.389761
  Lat, Lon: -22.939628, -104.049460
  x, y, z: -0.223561, -0.893368, -0.389761
  Lat, Lon: -22.939628, -104.049460
  x, y, z: -0.223982, -0.893111, -0.390110
  Lat, Lon: -22.961336, -104.078762
  x, y, z: -0.596448, -0.701670, -0.389756
  Lat, Lon: -22.939313, -130.365880
  x, y, z: -0.223983, -0.893114, -0.390100
  Lat, Lon: -22.960728, -104.078789
  x, y, z: -0.223972, -0.893115, -0.390105
  Lat, Lon: -22.961037, -104.078073
  x, y, z: -0.223660, -0.893201, -0.390086
  Lat, Lon: -22.959870, -104.057972
  x, y, z: -0.223972, -0.893115, -0.390105
  Lat, Lon: -22.961037, -104.078073
  x, y, z: -0.222998, -0.893360, -0.390102
  Lat, Lon: -22.960823, -104.015565
  x, y, z: -0.222998, -0.893360, -0.390102
  Lat, Lon: -22.960823, -104.015565
  x, y, z: -0.224028, -0.893096, -0.390116
  Lat, Lon: -22.961748, -104.081753
  x, y, z: -0.447108, -0.805125, -0.389702
  Lat, Lon: -22.935964, -119.044585
  x, y, z: -0.447108, -0.805125, -0.389702
  Lat, Lon: -22.935964, -119.044585
  x, y, z: -0.447447, -0.804767, -0.390052
  Lat, Lon: -22.957751, -119.073872
  x, y, z: -0.867593, -0.308900, -0.389697
  Lat, Lon: -22.935646, -160.402075
  x, y, z: -0.447450, -0.804771, -0.390042
  Lat, Lon: -22.957140, -119.073900
  x, y, z: -0.447438, -0.804774, -0.390047
  Lat, Lon: -22.957449, -119.073184
  x, y, z: -0.447160, -0.804938, -0.390029
  Lat, Lon: -22.956275, -119.053083
  x, y, z: -0.447438, -0.804774, -0.390047
  Lat, Lon: -22.957449, -119.073184
  x, y, z: -0.446561, -0.805263, -0.390044
  Lat, Lon: -22.957238, -119.010695
  x, y, z: -0.446561, -0.805263, -0.390044
  Lat, Lon: -22.957238, -119.010695
  x, y, z: -0.447488, -0.804741, -0.390059
  Lat, Lon: -22.958152, -119.076888
  x, y, z: -0.640216, -0.662044, -0.389643
  Lat, Lon: -22.932286, -134.039712
  x, y, z: -0.640216, -0.662044, -0.389643
  Lat, Lon: -22.932286, -134.039712
  x, y, z: -0.640450, -0.661610, -0.389994
  Lat, Lon: -22.954153, -134.068985
  x, y, z: -0.905727, 0.166857, -0.389638
  Lat, Lon: -22.931966, 169.561728
  x, y, z: -0.640454, -0.661613, -0.389985
  Lat, Lon: -22.953539, -134.069014
  x, y, z: -0.640444, -0.661619, -0.389990
  Lat, Lon: -22.953849, -134.068297
  x, y, z: -0.640217, -0.661849, -0.389971
  Lat, Lon: -22.952667, -134.048196
  x, y, z: -0.640444, -0.661619, -0.389990
  Lat, Lon: -22.953849, -134.068297
  x, y, z: -0.639723, -0.662318, -0.389986
  Lat, Lon: -22.953640, -134.005828
  x, y, z: -0.639723, -0.662318, -0.389986
  Lat, Lon: -22.953640, -134.005828
  x, y, z: -0.640484, -0.661574, -0.390001
  Lat, Lon: -22.954540, -134.072023
  x, y, z: -0.789732, -0.473865, -0.389584
  Lat, Lon: -22.928595, -149.034842
  x, y, z: -0.789732, -0.473865, -0.389584
  Lat, Lon: -22.928595, -149.034842
  x, y, z: -0.789846, -0.473385, -0.389936
  Lat, Lon: -22.950541, -149.064100
  x, y, z: -0.700595, 0.597825, -0.389578
  Lat, Lon: -22.928272, 139.525529
  x, y, z: -0.789849, -0.473387, -0.389926
  Lat, Lon: -22.949925, -149.064130
  x, y, z: -0.789842, -0.473396, -0.389931
  Lat, Lon: -22.950235, -149.063413
  x, y, z: -0.789682, -0.473677, -0.389912
  Lat, Lon: -22.949046, -149.043312
  x, y, z: -0.789842, -0.473396, -0.389931
  Lat, Lon: -22.950235, -149.063413
  x, y, z: -0.789326, -0.474257, -0.389928
  Lat, Lon: -22.950028, -149.000963
  x, y, z: -0.789326, -0.474257, -0.389928
  Lat, Lon: -22.950028, -149.000963
  x, y, z: -0.789869, -0.473342, -0.389942
  Lat, Lon: -22.950914, -149.067159
  x, y, z: -0.885470, -0.253403, -0.389524
  Lat, Lon: -22.924891, -164.029974
  x, y, z: -0.885470, -0.253403, -0.389524
  Lat, Lon: -22.924891, -164.029974
  x, y, z: -0.885456, -0.252910, -0.389878
  Lat, Lon: -22.946917, -164.059218
  x, y, z: -0.307281, 0.868247, -0.389519
  Lat, Lon: -22.924565, 109.489328
  x, y, z: -0.885460, -0.252911, -0.389868
  Lat, Lon: -22.946297, -164.059248
  x, y, z: -0.885455, -0.252921, -0.389873
  Lat, Lon: -22.946607, -164.058531
  x, y, z: -0.885374, -0.253234, -0.389854
  Lat, Lon: -22.945412, -164.038430
  x, y, z: -0.885455, -0.252921, -0.389873
  Lat, Lon: -22.946607, -164.058531
  x, y, z: -0.885180, -0.253886, -0.389870
  Lat, Lon: -22.946403, -163.996101
  x, y, z: -0.885180, -0.253886, -0.389870
  Lat, Lon: -22.946403, -163.996101
  x, y, z: -0.885467, -0.252862, -0.389884
  Lat, Lon: -22.947274, -164.062296
