Available frames:
 altaz
 barycentricmeanecliptic
 barycentrictrueecliptic
 cirs
 custombarycentricecliptic
 fk4
 fk4noeterms
 fk5
 galactic
 galacticlsr
 galactocentric
 gcrs
 geocentricearthequatorial
 geocentricmeanecliptic
 geocentricsolarecliptic
 geocentricsolarmagnetospheric
 geocentrictrueecliptic
 geomagnetic
 hadec
 hcrs
 heliocentric
 heliocentricearthecliptic
 heliocentriceclipticiau76
 heliocentricinertial
 heliocentricmeanecliptic
 heliocentrictrueecliptic
 heliographic_carrington
 heliographic_stonyhurst
 helioprojective
 icrs
 itrs
 lsr
 lsrd
 lsrk
 precessedgeocentric
 solarmagnetic
 supergalactic
 teme
 tete
(1., 1., 1.) 
(1.00005162, 1.21295814, 0.72706942) 
