2025-07-16T18:01:37.503573Z WARN  dipole.py Skipping sscweb because it does not support both GEO and MAG systems
2025-07-16T18:01:37.503738Z WARN  dipole.py Skipping pyspedas because it does not support both GEO and MAG systems
2025-07-16T18:01:37.636939Z INFO  dipole.py GEO_MAG
            geopack_08_dp   spacepy  spacepy-irbem  spiceypy1  spiceypy2     sunpy
2010-12-21       9.926493  9.926485       9.954327   9.930188   9.923615  9.926453
2010-12-22       9.926330  9.926322       9.954327   9.930036   9.923460  9.926291
2010-12-23       9.926168  9.926160       9.954327   9.929883   9.923305  9.926128
2025-07-16T18:01:37.637554Z INFO  dipole.py GEO_MAG
            spacepy diff  spacepy-irbem diff  spiceypy1 diff  spiceypy2 diff  sunpy diff  |max-min|
2010-12-21     -0.000008            0.027834        0.003695       -0.002878   -0.000039   0.030712
2010-12-22     -0.000008            0.027997        0.003705       -0.002870   -0.000039   0.030867
2010-12-23     -0.000008            0.028159        0.003715       -0.002863   -0.000040   0.031022
2025-07-16T18:01:39.301045Z INFO  dipole.py GEO_GSE
            geopack_08_dp    spacepy  spacepy-irbem  spiceypy1  spiceypy2      sunpy     sscweb   pyspedas
2010-12-21      23.437850  23.437829      23.437670  23.437721  23.437721  23.437571  23.505111  23.437850
2010-12-22      23.437850  23.437829      23.437669  23.437760  23.437760  23.437703  23.498566  23.437850
2010-12-23      23.437849  23.437836      23.437669  23.437799  23.437799  23.437841  23.505111  23.437849
2025-07-16T18:01:39.301678Z INFO  dipole.py GEO_GSE
            spacepy diff  spacepy-irbem diff  spiceypy1 diff  spiceypy2 diff  sunpy diff  sscweb diff  pyspedas diff  |max-min|
2010-12-21     -0.000021           -0.000180       -0.000130       -0.000130   -0.000279     0.067261  -7.382965e-10   0.067541
2010-12-22     -0.000020           -0.000181       -0.000089       -0.000089   -0.000146     0.060716  -8.767600e-10   0.060897
2010-12-23     -0.000013           -0.000180       -0.000050       -0.000050   -0.000008     0.067262  -1.018069e-09   0.067442
2025-07-16T18:01:39.958185Z INFO  dipole.py GEO_GSM
            geopack_08_dp    spacepy  spacepy-irbem  spiceypy1  spiceypy2      sunpy     sscweb   pyspedas
2010-12-21      25.561510  25.561205      25.572546  25.563996  25.561461  25.561286  25.776737  25.561510
2010-12-22      25.567249  25.566766      25.578364  25.569733  25.567193  25.567037  25.776737  25.567249
2010-12-23      25.565588  25.564933      25.576784  25.568076  25.565530  25.565398  25.776737  25.565588
2025-07-16T18:01:39.959869Z INFO  dipole.py GEO_GSM
            spacepy diff  spacepy-irbem diff  spiceypy1 diff  spiceypy2 diff  sunpy diff  sscweb diff  pyspedas diff  |max-min|
2010-12-21     -0.000305            0.011036        0.002486       -0.000048   -0.000223     0.215227   7.419285e-08   0.215532
2010-12-22     -0.000483            0.011115        0.002484       -0.000056   -0.000212     0.209488   5.337185e-08   0.209970
2010-12-23     -0.000655            0.011195        0.002488       -0.000058   -0.000191     0.211149   3.256016e-08   0.211804
2025-07-16T18:01:39.960055Z WARN  dipole.py Skipping sscweb because it does not support both MAG and GSE systems
2025-07-16T18:01:39.960097Z WARN  dipole.py Skipping pyspedas because it does not support both MAG and GSE systems
2025-07-16T18:01:40.049390Z INFO  dipole.py MAG_GSE
            geopack_08_dp    spacepy  spacepy-irbem  spiceypy1  spiceypy2      sunpy
2010-12-21      27.930521  27.931219      27.951884  27.925076  27.919459  27.932653
2010-12-22      28.067565  28.068262      28.089329  28.062276  28.056606  28.069799
2010-12-23      28.203227  28.203928      28.225391  28.198093  28.192371  28.205565
2025-07-16T18:01:40.049891Z INFO  dipole.py MAG_GSE
            spacepy diff  spacepy-irbem diff  spiceypy1 diff  spiceypy2 diff  sunpy diff  |max-min|
2010-12-21      0.000698            0.021363       -0.005445       -0.011062    0.002132   0.032425
2010-12-22      0.000697            0.021764       -0.005289       -0.010959    0.002234   0.032723
2010-12-23      0.000702            0.022164       -0.005134       -0.010856    0.002338   0.033020
2025-07-16T18:01:40.049943Z WARN  dipole.py Skipping sscweb because it does not support both MAG and GSM systems
2025-07-16T18:01:40.049964Z WARN  dipole.py Skipping pyspedas because it does not support both MAG and GSM systems
2025-07-16T18:01:40.132814Z INFO  dipole.py MAG_GSM
            geopack_08_dp    spacepy  spacepy-irbem  spiceypy1  spiceypy2      sunpy
2010-12-21      26.187577  26.184323      26.200427  26.178687  26.174993  26.187634
2010-12-22      26.170462  26.167018      26.183332  26.161646  26.157969  26.170617
2010-12-23      26.145598  26.141969      26.158486  26.136859  26.133197  26.145858
2025-07-16T18:01:40.133438Z INFO  dipole.py MAG_GSM
            spacepy diff  spacepy-irbem diff  spiceypy1 diff  spiceypy2 diff  sunpy diff  |max-min|
2010-12-21     -0.003254            0.012850       -0.008890       -0.012583    0.000057   0.025434
2010-12-22     -0.003444            0.012869       -0.008816       -0.012494    0.000154   0.025363
2010-12-23     -0.003629            0.012888       -0.008739       -0.012401    0.000260   0.025288
2025-07-16T18:01:40.797810Z INFO  dipole.py GSE_GSM
            geopack_08_dp    spacepy  spacepy-irbem  spiceypy1  spiceypy2      sunpy     sscweb   pyspedas
2010-12-21      10.075102  10.084096      10.103480  10.083454  10.076922  10.081912   9.841132  10.075103
2010-12-22      10.522401  10.531405      10.551012  10.530535  10.523992  10.529026  10.407711  10.522402
2010-12-23      10.969007  10.978015      10.997849  10.976930  10.970375  10.975452  10.972240  10.969008
2025-07-16T18:01:40.799626Z INFO  dipole.py GSE_GSM
            spacepy diff  spacepy-irbem diff  spiceypy1 diff  spiceypy2 diff  sunpy diff  sscweb diff  pyspedas diff  |max-min|
2010-12-21      0.008994            0.028378        0.008352        0.001820    0.006810    -0.233970       0.000001   0.262349
2010-12-22      0.009004            0.028611        0.008134        0.001590    0.006625    -0.114690       0.000001   0.143301
2010-12-23      0.009008            0.028842        0.007923        0.001368    0.006445     0.003233       0.000001   0.028842
